<?xml version="1.0" encoding="UTF-8"?>
<robot generator="Robot 6.1.1 (Python 3.10.12 on linux)" generated="20231223 23:28:10.069" rpa="false" schemaversion="4">
<suite id="s1" name="Register" source="/home/tkacza2/AAA/programing/magisterka/Python/DormitoryNotebooksPython/robot/Tests/security/register.robot">
<test id="s1-t1" name="Register" line="9">
<kw name="Open Browser" library="SeleniumLibrary">
<arg>http://127.0.0.1:8000/</arg>
<arg>firefox</arg>
<doc>Opens a new browser instance to the optional ``url``.</doc>
<msg timestamp="20231223 23:28:10.226" level="INFO">Opening browser 'firefox' to base url 'http://127.0.0.1:8000/'.</msg>
<msg timestamp="20231223 23:28:11.704" level="INFO">Cannot capture screenshot because no browser is open.</msg>
<msg timestamp="20231223 23:28:11.704" level="FAIL">InvalidArgumentException: Message: binary is not a Firefox executable
</msg>
<status status="FAIL" starttime="20231223 23:28:10.226" endtime="20231223 23:28:11.707"/>
</kw>
<kw name="Select organization" library="login">
<arg>${organization_id}</arg>
<status status="NOT RUN" starttime="20231223 23:28:11.707" endtime="20231223 23:28:11.707"/>
</kw>
<kw name="Click Button" library="SeleniumLibrary">
<arg>xpath=/html/body/div/section/div/div/div[2]/div/form/button</arg>
<doc>Clicks the button identified by ``locator``.</doc>
<status status="NOT RUN" starttime="20231223 23:28:11.707" endtime="20231223 23:28:11.707"/>
</kw>
<kw name="Input Text" library="SeleniumLibrary">
<arg>xpath=//*[@id="id_first_name"]</arg>
<arg>Norbert</arg>
<doc>Types the given ``text`` into the text field identified by ``locator``.</doc>
<status status="NOT RUN" starttime="20231223 23:28:11.708" endtime="20231223 23:28:11.708"/>
</kw>
<kw name="Input Text" library="SeleniumLibrary">
<arg>xpath=//*[@id="id_last_name"]</arg>
<arg>Kalik</arg>
<doc>Types the given ``text`` into the text field identified by ``locator``.</doc>
<status status="NOT RUN" starttime="20231223 23:28:11.708" endtime="20231223 23:28:11.708"/>
</kw>
<kw name="Input Text" library="SeleniumLibrary">
<arg>xpath=//*[@id="id_email"]</arg>
<arg>kalik@kalik.com</arg>
<doc>Types the given ``text`` into the text field identified by ``locator``.</doc>
<status status="NOT RUN" starttime="20231223 23:28:11.708" endtime="20231223 23:28:11.708"/>
</kw>
<kw name="Input Text" library="SeleniumLibrary">
<arg>xpath=//*[@id="id_room"]</arg>
<arg>206</arg>
<doc>Types the given ``text`` into the text field identified by ``locator``.</doc>
<status status="NOT RUN" starttime="20231223 23:28:11.708" endtime="20231223 23:28:11.708"/>
</kw>
<kw name="Input Text" library="SeleniumLibrary">
<arg>xpath=//*[@id="id_password1"]</arg>
<arg>pomidorowa</arg>
<doc>Types the given ``text`` into the text field identified by ``locator``.</doc>
<status status="NOT RUN" starttime="20231223 23:28:11.708" endtime="20231223 23:28:11.708"/>
</kw>
<kw name="Input Text" library="SeleniumLibrary">
<arg>xpath=//*[@id="id_password2"]</arg>
<arg>pomidorowa</arg>
<doc>Types the given ``text`` into the text field identified by ``locator``.</doc>
<status status="NOT RUN" starttime="20231223 23:28:11.708" endtime="20231223 23:28:11.709"/>
</kw>
<kw name="Click Button" library="SeleniumLibrary">
<arg>xpath=/html/body/div/section/form/button</arg>
<doc>Clicks the button identified by ``locator``.</doc>
<status status="NOT RUN" starttime="20231223 23:28:11.709" endtime="20231223 23:28:11.709"/>
</kw>
<kw name="Close Browser" library="SeleniumLibrary">
<doc>Closes the current browser.</doc>
<status status="NOT RUN" starttime="20231223 23:28:11.709" endtime="20231223 23:28:11.709"/>
</kw>
<status status="FAIL" starttime="20231223 23:28:10.225" endtime="20231223 23:28:11.709">InvalidArgumentException: Message: binary is not a Firefox executable
</status>
</test>
<status status="FAIL" starttime="20231223 23:28:10.071" endtime="20231223 23:28:11.710"/>
</suite>
<statistics>
<total>
<stat pass="0" fail="1" skip="0">All Tests</stat>
</total>
<tag>
</tag>
<suite>
<stat pass="0" fail="1" skip="0" id="s1" name="Register">Register</stat>
</suite>
</statistics>
<errors>
</errors>
</robot>
